<?xml version="1.0" encoding="UTF-8"?>
<!-- Generated by org.testng.reporters.JUnitReportReporter -->
<testsuite name="com.qa.tests.GetAPITest" tests="1" time="2.591" ignored="0" failures="0" timestamp="01 Jan 2021 19:15:11 GMT" skipped="0" hostname="Bhagi-PC" errors="0">
  <testcase name="getTest" time="2.591" classname="com.qa.tests.GetAPITest"/>
</testsuite> <!-- com.qa.tests.GetAPITest -->
