<?xml version="1.0" encoding="UTF-8"?>
<!-- Generated by org.testng.reporters.JUnitReportReporter -->
<testsuite name="com.qa.tests.PostAPITest" tests="1" time="3.887" ignored="0" failures="0" timestamp="02 Jan 2021 05:54:28 GMT" skipped="0" hostname="Bhagi-PC" errors="0">
  <testcase name="postAPITest" time="3.887" classname="com.qa.tests.PostAPITest"/>
</testsuite> <!-- com.qa.tests.PostAPITest -->
