<?xml version="1.0" encoding="UTF-8"?>
<!-- Generated by org.testng.reporters.JUnitReportReporter -->
<testsuite name="com.qa.tests.GetAPITest" tests="1" time="9.081" ignored="3" failures="0" timestamp="31 May 2021 05:46:05 GMT" skipped="0" hostname="sisahdlpt083" errors="0">
  <testcase name="getTest" time="9.081" classname="com.qa.tests.GetAPITest"/>
  <testcase name="RedirectToSummaryScreen" classname="com.qa.tests.GetAPITest">
    <skipped/>
  </testcase> <!-- RedirectToSummaryScreen -->
  <testcase name="getLoansByBorrowerUsername" classname="com.qa.tests.GetAPITest">
    <skipped/>
  </testcase> <!-- getLoansByBorrowerUsername -->
  <testcase name="SubmitCondition" classname="com.qa.tests.GetAPITest">
    <skipped/>
  </testcase> <!-- SubmitCondition -->
</testsuite> <!-- com.qa.tests.GetAPITest -->
