<?xml version="1.0" encoding="UTF-8"?>
<!-- Generated by org.testng.reporters.JUnitReportReporter -->
<testsuite name="com.qa.tests.PostAPITest" tests="1" time="3.586" ignored="1" failures="0" timestamp="06 Jan 2021 10:01:56 GMT" skipped="0" hostname="Bhagi-PC" errors="0">
  <testcase name="postAPITest1" time="3.586" classname="com.qa.tests.PostAPITest"/>
  <testcase name="postAPITest" classname="com.qa.tests.PostAPITest">
    <skipped/>
  </testcase> <!-- postAPITest -->
</testsuite> <!-- com.qa.tests.PostAPITest -->
