<?xml version="1.0" encoding="UTF-8"?>
<!-- Generated by org.testng.reporters.JUnitReportReporter -->
<testsuite name="com.qa.tests.GetAPITest" tests="1" time="10.778" ignored="0" failures="0" timestamp="03 Jan 2021 12:28:55 GMT" skipped="0" hostname="Bhagi-PC" errors="0">
  <testcase name="getTest" time="10.778" classname="com.qa.tests.GetAPITest"/>
</testsuite> <!-- com.qa.tests.GetAPITest -->
