<?xml version="1.0" encoding="UTF-8"?>
<!-- Generated by org.testng.reporters.JUnitReportReporter -->
<testsuite name="com.qa.tests.GetAPITest" tests="1" time="7.415" ignored="3" failures="0" timestamp="21 Mar 2021 17:00:46 GMT" skipped="0" hostname="Bhagi-PC" errors="0">
  <testcase name="RedirectToSummaryScreen" time="7.415" classname="com.qa.tests.GetAPITest"/>
  <testcase name="getTest" classname="com.qa.tests.GetAPITest">
    <skipped/>
  </testcase> <!-- getTest -->
  <testcase name="getLoansByBorrowerUsername" classname="com.qa.tests.GetAPITest">
    <skipped/>
  </testcase> <!-- getLoansByBorrowerUsername -->
  <testcase name="SubmitCondition" classname="com.qa.tests.GetAPITest">
    <skipped/>
  </testcase> <!-- SubmitCondition -->
</testsuite> <!-- com.qa.tests.GetAPITest -->
