<?xml version="1.0" encoding="UTF-8"?>
<!-- Generated by org.testng.reporters.JUnitReportReporter -->
<testsuite name="com.qa.tests.SITWorkflow" tests="5" time="35.223" ignored="0" failures="0" timestamp="06 Jan 2021 14:57:52 GMT" skipped="0" hostname="Bhagi-PC" errors="0">
  <testcase name="UpdateBorrowerIncome" time="3.925" classname="com.qa.tests.SITWorkflow"/>
  <testcase name="inviteBorrower" time="10.983" classname="com.qa.tests.SITWorkflow"/>
  <testcase name="CreateBorrower" time="10.950" classname="com.qa.tests.SITWorkflow"/>
  <testcase name="UpdateBorrowerDeclaration" time="3.944" classname="com.qa.tests.SITWorkflow"/>
  <testcase name="UpdateBorrowerProfile" time="5.421" classname="com.qa.tests.SITWorkflow"/>
</testsuite> <!-- com.qa.tests.SITWorkflow -->
