<?xml version="1.0" encoding="UTF-8"?>
<!-- Generated by org.testng.reporters.JUnitReportReporter -->
<testsuite name="com.qa.tests.GetAPITest" tests="1" time="12.286" ignored="3" failures="0" timestamp="14 Apr 2021 08:09:46 GMT" skipped="0" hostname="sisahdlpt083" errors="0">
  <testcase name="getTest" time="12.286" classname="com.qa.tests.GetAPITest"/>
  <testcase name="RedirectToSummaryScreen" classname="com.qa.tests.GetAPITest">
    <skipped/>
  </testcase> <!-- RedirectToSummaryScreen -->
  <testcase name="getLoansByBorrowerUsername" classname="com.qa.tests.GetAPITest">
    <skipped/>
  </testcase> <!-- getLoansByBorrowerUsername -->
  <testcase name="SubmitCondition" classname="com.qa.tests.GetAPITest">
    <skipped/>
  </testcase> <!-- SubmitCondition -->
</testsuite> <!-- com.qa.tests.GetAPITest -->
